----------------- Options ---------------
               A_dataroot: photo_ukiyoe                  	[default: None]
               B_dataroot: ukiyoe                        	[default: None]
               batch_size: 32                            
                    beta1: 0.5                           
          checkpoints_dir: checkpoints                   
           continue_train: False                         
                crop_size: 128                           
                    epoch: latest                        
              epoch_count: 1                             
                     flip: False                         
                 gan_mode: lsgan                         
                init_gain: 0.02                          
                init_type: normal                        
                 input_nc: 3                             
                  isTrain: True                          	[default: None]
                 lambda_A: 10.0                          
                 lambda_B: 10.0                          
          lambda_identity: 0.5                           
                load_iter: 0                             	[default: 0]
                load_size: 158                           
                       lr: 0.0002                        
         max_dataset_size: inf                           
                    model: cycle_gan                     
                 n_epochs: 100                           
               n_layers_D: 3                             
                     name: 12-13_03-03-10                
                      ndf: 64                            
                     netD: basic                         
                     netG: resnet_9blocks                
                      ngf: 64                            
               no_dropout: True                          
                     norm: instance                      
              num_threads: 4                             
                output_nc: 3                             
                    phase: train                         
               preprocess: resize_and_crop               
      save_epoch_interval: 10                            
           save_image_num: 5                             
                   suffix:                               
----------------- End -------------------
The number of training images = 5632, 672
End of epoch 1 / 100 	 Time Taken: 26 sec
End of epoch 2 / 100 	 Time Taken: 14 sec
End of epoch 3 / 100 	 Time Taken: 14 sec
End of epoch 4 / 100 	 Time Taken: 15 sec
End of epoch 5 / 100 	 Time Taken: 18 sec
End of epoch 6 / 100 	 Time Taken: 15 sec
End of epoch 7 / 100 	 Time Taken: 14 sec
End of epoch 8 / 100 	 Time Taken: 15 sec
End of epoch 9 / 100 	 Time Taken: 13 sec
saving the model at the end of epoch 10, iters 6720
End of epoch 10 / 100 	 Time Taken: 16 sec
End of epoch 11 / 100 	 Time Taken: 13 sec
End of epoch 12 / 100 	 Time Taken: 14 sec
End of epoch 13 / 100 	 Time Taken: 14 sec
End of epoch 14 / 100 	 Time Taken: 14 sec
End of epoch 15 / 100 	 Time Taken: 13 sec
End of epoch 16 / 100 	 Time Taken: 13 sec
End of epoch 17 / 100 	 Time Taken: 13 sec
End of epoch 18 / 100 	 Time Taken: 13 sec
End of epoch 19 / 100 	 Time Taken: 14 sec
saving the model at the end of epoch 20, iters 13440
End of epoch 20 / 100 	 Time Taken: 16 sec
End of epoch 21 / 100 	 Time Taken: 13 sec
End of epoch 22 / 100 	 Time Taken: 13 sec
End of epoch 23 / 100 	 Time Taken: 13 sec
End of epoch 24 / 100 	 Time Taken: 14 sec
End of epoch 25 / 100 	 Time Taken: 14 sec
End of epoch 26 / 100 	 Time Taken: 13 sec
End of epoch 27 / 100 	 Time Taken: 14 sec
End of epoch 28 / 100 	 Time Taken: 14 sec
End of epoch 29 / 100 	 Time Taken: 13 sec
saving the model at the end of epoch 30, iters 20160
End of epoch 30 / 100 	 Time Taken: 16 sec
End of epoch 31 / 100 	 Time Taken: 14 sec
End of epoch 32 / 100 	 Time Taken: 13 sec
End of epoch 33 / 100 	 Time Taken: 13 sec
End of epoch 34 / 100 	 Time Taken: 14 sec
End of epoch 35 / 100 	 Time Taken: 14 sec
End of epoch 36 / 100 	 Time Taken: 14 sec
End of epoch 37 / 100 	 Time Taken: 13 sec
End of epoch 38 / 100 	 Time Taken: 14 sec
End of epoch 39 / 100 	 Time Taken: 13 sec
saving the model at the end of epoch 40, iters 26880
End of epoch 40 / 100 	 Time Taken: 16 sec
End of epoch 41 / 100 	 Time Taken: 14 sec
End of epoch 42 / 100 	 Time Taken: 13 sec
End of epoch 43 / 100 	 Time Taken: 14 sec
End of epoch 44 / 100 	 Time Taken: 13 sec
End of epoch 45 / 100 	 Time Taken: 13 sec
End of epoch 46 / 100 	 Time Taken: 14 sec
End of epoch 47 / 100 	 Time Taken: 14 sec
End of epoch 48 / 100 	 Time Taken: 14 sec
End of epoch 49 / 100 	 Time Taken: 14 sec
saving the model at the end of epoch 50, iters 33600
End of epoch 50 / 100 	 Time Taken: 16 sec
End of epoch 51 / 100 	 Time Taken: 14 sec
End of epoch 52 / 100 	 Time Taken: 13 sec
End of epoch 53 / 100 	 Time Taken: 13 sec
End of epoch 54 / 100 	 Time Taken: 14 sec
End of epoch 55 / 100 	 Time Taken: 14 sec
End of epoch 56 / 100 	 Time Taken: 14 sec
End of epoch 57 / 100 	 Time Taken: 13 sec
End of epoch 58 / 100 	 Time Taken: 13 sec
End of epoch 59 / 100 	 Time Taken: 14 sec
saving the model at the end of epoch 60, iters 40320
End of epoch 60 / 100 	 Time Taken: 16 sec
End of epoch 61 / 100 	 Time Taken: 13 sec
End of epoch 62 / 100 	 Time Taken: 14 sec
End of epoch 63 / 100 	 Time Taken: 13 sec
End of epoch 64 / 100 	 Time Taken: 13 sec
End of epoch 65 / 100 	 Time Taken: 14 sec
End of epoch 66 / 100 	 Time Taken: 14 sec
End of epoch 67 / 100 	 Time Taken: 14 sec
End of epoch 68 / 100 	 Time Taken: 13 sec
End of epoch 69 / 100 	 Time Taken: 14 sec
saving the model at the end of epoch 70, iters 47040
End of epoch 70 / 100 	 Time Taken: 16 sec
End of epoch 71 / 100 	 Time Taken: 14 sec
End of epoch 72 / 100 	 Time Taken: 14 sec
End of epoch 73 / 100 	 Time Taken: 13 sec
End of epoch 74 / 100 	 Time Taken: 13 sec
End of epoch 75 / 100 	 Time Taken: 14 sec
End of epoch 76 / 100 	 Time Taken: 13 sec
End of epoch 77 / 100 	 Time Taken: 14 sec
End of epoch 78 / 100 	 Time Taken: 13 sec
End of epoch 79 / 100 	 Time Taken: 13 sec
saving the model at the end of epoch 80, iters 53760
End of epoch 80 / 100 	 Time Taken: 16 sec
End of epoch 81 / 100 	 Time Taken: 13 sec
End of epoch 82 / 100 	 Time Taken: 16 sec
End of epoch 83 / 100 	 Time Taken: 14 sec
End of epoch 84 / 100 	 Time Taken: 14 sec
End of epoch 85 / 100 	 Time Taken: 13 sec
End of epoch 86 / 100 	 Time Taken: 14 sec
End of epoch 87 / 100 	 Time Taken: 14 sec
End of epoch 88 / 100 	 Time Taken: 14 sec
End of epoch 89 / 100 	 Time Taken: 14 sec
saving the model at the end of epoch 90, iters 60480
End of epoch 90 / 100 	 Time Taken: 16 sec
End of epoch 91 / 100 	 Time Taken: 13 sec
End of epoch 92 / 100 	 Time Taken: 14 sec
End of epoch 93 / 100 	 Time Taken: 14 sec
End of epoch 94 / 100 	 Time Taken: 15 sec
End of epoch 95 / 100 	 Time Taken: 14 sec
End of epoch 96 / 100 	 Time Taken: 13 sec
End of epoch 97 / 100 	 Time Taken: 14 sec
End of epoch 98 / 100 	 Time Taken: 13 sec
End of epoch 99 / 100 	 Time Taken: 14 sec
saving the model at the end of epoch 100, iters 67200
End of epoch 100 / 100 	 Time Taken: 16 sec
